2026-02-07 19:05:34 - DigitalShadow - INFO - Digital Shadow uygulaması başlatıldı
2026-02-07 19:05:35 - DigitalShadow - INFO - UI başarıyla oluşturuldu
2026-02-07 19:05:35 - DigitalShadow - INFO - Klavye kısayolları ayarlandı
2026-02-07 19:08:11 - DigitalShadow - INFO - Digital Shadow uygulaması başlatıldı
2026-02-07 19:08:12 - DigitalShadow - INFO - UI başarıyla oluşturuldu
2026-02-07 19:08:12 - DigitalShadow - INFO - Klavye kısayolları ayarlandı
2026-02-07 19:09:05 - DigitalShadow - INFO - Digital Shadow uygulaması başlatıldı
2026-02-07 19:09:06 - DigitalShadow - INFO - UI başarıyla oluşturuldu
2026-02-07 19:09:06 - DigitalShadow - INFO - Klavye kısayolları ayarlandı
2026-02-07 19:09:14 - DigitalShadow - INFO - Kullanıcı girişi: axiom
2026-02-07 19:09:44 - DigitalShadow - DEBUG - Dashboard yenilendi
2026-02-07 19:11:11 - DigitalShadow - INFO - Digital Shadow uygulaması başlatıldı
2026-02-07 19:11:12 - DigitalShadow - INFO - UI başarıyla oluşturuldu
2026-02-07 19:11:12 - DigitalShadow - INFO - Klavye kısayolları ayarlandı
2026-02-07 19:11:19 - DigitalShadow - INFO - Kullanıcı girişi: axiom
2026-02-07 19:11:50 - DigitalShadow - DEBUG - Dashboard yenilendi
2026-02-07 19:14:28 - DigitalShadow - INFO - Digital Shadow uygulaması başlatıldı
2026-02-07 19:14:29 - DigitalShadow - INFO - UI başarıyla oluşturuldu
2026-02-07 19:14:29 - DigitalShadow - INFO - Klavye kısayolları ayarlandı
2026-02-07 19:14:32 - DigitalShadow - INFO - Kullanıcı girişi: axiom
2026-02-07 19:15:02 - DigitalShadow - DEBUG - Dashboard yenilendi
2026-02-07 19:15:32 - DigitalShadow - DEBUG - Dashboard yenilendi
2026-02-07 19:16:02 - DigitalShadow - DEBUG - Dashboard yenilendi
2026-02-07 19:16:32 - DigitalShadow - DEBUG - Dashboard yenilendi
2026-02-07 19:17:02 - DigitalShadow - DEBUG - Dashboard yenilendi
2026-02-07 19:19:56 - DigitalShadow - INFO - Digital Shadow uygulaması başlatıldı
2026-02-07 19:19:57 - DigitalShadow - INFO - UI başarıyla oluşturuldu
2026-02-07 19:19:57 - DigitalShadow - INFO - Klavye kısayolları ayarlandı
2026-02-07 19:20:01 - DigitalShadow - INFO - Kullanıcı girişi: axiom
2026-02-07 19:20:35 - DigitalShadow - DEBUG - Dashboard yenilendi
2026-02-07 19:21:01 - DigitalShadow - DEBUG - Dashboard yenilendi
2026-02-07 19:22:25 - DigitalShadow - INFO - Digital Shadow uygulaması başlatıldı
2026-02-07 19:22:26 - DigitalShadow - INFO - UI başarıyla oluşturuldu
2026-02-07 19:22:26 - DigitalShadow - INFO - Klavye kısayolları ayarlandı
2026-02-07 19:22:29 - DigitalShadow - INFO - Kullanıcı girişi: axiom
2026-02-07 19:22:55 - DigitalShadow - INFO - Digital Shadow uygulaması başlatıldı
2026-02-07 19:22:55 - DigitalShadow - INFO - UI başarıyla oluşturuldu
2026-02-07 19:22:55 - DigitalShadow - INFO - Klavye kısayolları ayarlandı
2026-02-07 19:23:00 - DigitalShadow - INFO - Kullanıcı girişi: axiom
2026-02-07 19:23:30 - DigitalShadow - DEBUG - Dashboard yenilendi
2026-02-07 19:24:00 - DigitalShadow - DEBUG - Dashboard yenilendi
2026-02-07 19:24:30 - DigitalShadow - DEBUG - Dashboard yenilendi
2026-02-07 19:25:08 - DigitalShadow - DEBUG - Dashboard yenilendi
2026-02-07 19:25:30 - DigitalShadow - DEBUG - Dashboard yenilendi
2026-02-07 19:26:04 - DigitalShadow - DEBUG - Dashboard yenilendi
2026-02-07 19:26:37 - DigitalShadow - DEBUG - Dashboard yenilendi
2026-02-07 19:27:00 - DigitalShadow - DEBUG - Dashboard yenilendi
2026-02-07 19:29:19 - DigitalShadow - INFO - Digital Shadow uygulaması başlatıldı
2026-02-07 19:29:20 - DigitalShadow - INFO - UI başarıyla oluşturuldu
2026-02-07 19:29:20 - DigitalShadow - INFO - Klavye kısayolları ayarlandı
2026-02-07 19:29:23 - DigitalShadow - INFO - Kullanıcı girişi: axiom
2026-02-07 19:29:50 - DigitalShadow - INFO - Digital Shadow uygulaması başlatıldı
2026-02-07 19:29:51 - DigitalShadow - INFO - UI başarıyla oluşturuldu
2026-02-07 19:29:51 - DigitalShadow - INFO - Klavye kısayolları ayarlandı
2026-02-07 19:29:53 - DigitalShadow - INFO - Kullanıcı girişi: axiom
2026-02-07 19:29:54 - DigitalShadow - DEBUG - Dashboard yenilendi
2026-02-07 19:29:55 - DigitalShadow - DEBUG - Dashboard yenilendi
2026-02-07 19:29:56 - DigitalShadow - DEBUG - Dashboard yenilendi
2026-02-07 19:29:56 - DigitalShadow - DEBUG - Dashboard yenilendi
2026-02-07 19:29:56 - DigitalShadow - DEBUG - Dashboard yenilendi
2026-02-07 19:30:06 - DigitalShadow - DEBUG - Dashboard yenilendi
2026-02-07 19:30:06 - DigitalShadow - DEBUG - Dashboard yenilendi
2026-02-07 19:30:06 - DigitalShadow - DEBUG - Dashboard yenilendi
2026-02-07 19:30:07 - DigitalShadow - DEBUG - Dashboard yenilendi
2026-02-07 19:30:07 - DigitalShadow - DEBUG - Dashboard yenilendi
2026-02-07 19:30:08 - DigitalShadow - DEBUG - Dashboard yenilendi
2026-02-07 19:30:08 - DigitalShadow - DEBUG - Dashboard yenilendi
2026-02-07 19:31:25 - DigitalShadow - INFO - Digital Shadow uygulaması başlatıldı
2026-02-07 19:31:26 - DigitalShadow - INFO - UI başarıyla oluşturuldu
2026-02-07 19:31:26 - DigitalShadow - INFO - Klavye kısayolları ayarlandı
2026-02-07 19:31:30 - DigitalShadow - INFO - Kullanıcı girişi: axiom
2026-02-07 19:32:00 - DigitalShadow - DEBUG - Dashboard yenilendi
2026-02-07 19:32:09 - DigitalShadow - DEBUG - Dashboard yenilendi
2026-02-07 19:32:09 - DigitalShadow - DEBUG - Dashboard yenilendi
2026-02-07 19:32:09 - DigitalShadow - DEBUG - Dashboard yenilendi
2026-02-07 19:32:09 - DigitalShadow - DEBUG - Dashboard yenilendi
2026-02-07 19:32:09 - DigitalShadow - DEBUG - Dashboard yenilendi
2026-02-07 19:32:09 - DigitalShadow - DEBUG - Dashboard yenilendi
2026-02-07 19:32:09 - DigitalShadow - DEBUG - Dashboard yenilendi
2026-02-07 19:32:10 - DigitalShadow - DEBUG - Dashboard yenilendi
2026-02-07 19:32:11 - DigitalShadow - DEBUG - Dashboard yenilendi
2026-02-07 19:32:11 - DigitalShadow - DEBUG - Dashboard yenilendi
2026-02-07 19:32:11 - DigitalShadow - DEBUG - Dashboard yenilendi
2026-02-07 19:32:11 - DigitalShadow - DEBUG - Dashboard yenilendi
2026-02-07 19:32:11 - DigitalShadow - DEBUG - Dashboard yenilendi
2026-02-07 19:32:11 - DigitalShadow - DEBUG - Dashboard yenilendi
2026-02-07 19:32:11 - DigitalShadow - DEBUG - Dashboard yenilendi
2026-02-07 19:32:12 - DigitalShadow - DEBUG - Dashboard yenilendi
2026-02-07 19:32:12 - DigitalShadow - DEBUG - Dashboard yenilendi
2026-02-07 19:32:12 - DigitalShadow - DEBUG - Dashboard yenilendi
2026-02-07 19:32:12 - DigitalShadow - DEBUG - Dashboard yenilendi
2026-02-07 19:32:12 - DigitalShadow - DEBUG - Dashboard yenilendi
2026-02-07 19:32:12 - DigitalShadow - DEBUG - Dashboard yenilendi
2026-02-07 19:32:14 - DigitalShadow - DEBUG - Dashboard yenilendi
2026-02-07 19:32:14 - DigitalShadow - DEBUG - Dashboard yenilendi
2026-02-07 19:32:14 - DigitalShadow - DEBUG - Dashboard yenilendi
2026-02-07 19:32:14 - DigitalShadow - DEBUG - Dashboard yenilendi
2026-02-07 19:32:14 - DigitalShadow - DEBUG - Dashboard yenilendi
2026-02-07 19:32:14 - DigitalShadow - DEBUG - Dashboard yenilendi
2026-02-07 19:32:14 - DigitalShadow - DEBUG - Dashboard yenilendi
2026-02-07 19:41:54 - DigitalShadow - INFO - Digital Shadow uygulaması başlatıldı
2026-02-07 19:41:55 - DigitalShadow - INFO - UI başarıyla oluşturuldu
2026-02-07 19:41:55 - DigitalShadow - INFO - Klavye kısayolları ayarlandı
2026-02-07 19:41:59 - DigitalShadow - INFO - Kullanıcı girişi: axiom
